2022-10-07 14:06:30,196 INFO org.springframework.boot.StartupInfoLogger [main] Starting WebApplication using Java 17.0.2 on XBLADE-PC with PID 4212 (D:\Workspaces\Java\formation-java\workspaces\SensibilisationNR\sensibilisation-nr-back-master\target\classes started by Julien in D:\Workspaces\Java\formation-java\workspaces\SensibilisationNR\sensibilisation-nr-back-master)
2022-10-07 14:06:30,207 INFO org.springframework.boot.SpringApplication [main] No active profile set, falling back to 1 default profile: "default"
2022-10-07 14:06:31,001 INFO org.springframework.data.repository.config.RepositoryConfigurationDelegate [main] Bootstrapping Spring Data JPA repositories in DEFAULT mode.
2022-10-07 14:06:31,103 INFO org.springframework.data.repository.config.RepositoryConfigurationDelegate [main] Finished Spring Data repository scanning in 86 ms. Found 4 JPA repository interfaces.
2022-10-07 14:06:31,828 INFO org.springframework.boot.web.embedded.tomcat.TomcatWebServer [main] Tomcat initialized with port(s): 8080 (http)
2022-10-07 14:06:31,837 INFO org.apache.juli.logging.DirectJDKLog [main] Initializing ProtocolHandler ["http-nio-8080"]
2022-10-07 14:06:31,838 INFO org.apache.juli.logging.DirectJDKLog [main] Starting service [Tomcat]
2022-10-07 14:06:31,838 INFO org.apache.juli.logging.DirectJDKLog [main] Starting Servlet engine: [Apache Tomcat/9.0.65]
2022-10-07 14:06:31,929 INFO org.apache.juli.logging.DirectJDKLog [main] Initializing Spring embedded WebApplicationContext
2022-10-07 14:06:31,929 INFO org.springframework.boot.web.servlet.context.ServletWebServerApplicationContext [main] Root WebApplicationContext: initialization completed in 1656 ms
2022-10-07 14:06:32,141 INFO org.hibernate.jpa.internal.util.LogHelper [main] HHH000204: Processing PersistenceUnitInfo [name: default]
2022-10-07 14:06:32,209 INFO org.hibernate.Version [main] HHH000412: Hibernate ORM core version 5.6.10.Final
2022-10-07 14:06:32,419 INFO org.hibernate.annotations.common.reflection.java.JavaReflectionManager [main] HCANN000001: Hibernate Commons Annotations {5.1.2.Final}
2022-10-07 14:06:32,523 INFO com.zaxxer.hikari.HikariDataSource [main] HikariPool-1 - Starting...
2022-10-07 14:06:32,844 INFO com.zaxxer.hikari.HikariDataSource [main] HikariPool-1 - Start completed.
2022-10-07 14:06:32,865 INFO org.hibernate.dialect.Dialect [main] HHH000400: Using dialect: org.hibernate.dialect.H2Dialect
2022-10-07 14:06:33,547 INFO org.hibernate.engine.transaction.jta.platform.internal.JtaPlatformInitiator [main] HHH000490: Using JtaPlatform implementation: [org.hibernate.engine.transaction.jta.platform.internal.NoJtaPlatform]
2022-10-07 14:06:33,554 INFO org.springframework.orm.jpa.AbstractEntityManagerFactoryBean [main] Initialized JPA EntityManagerFactory for persistence unit 'default'
2022-10-07 14:06:34,370 INFO org.springframework.security.provisioning.JdbcUserDetailsManager [main] No authentication manager set. Reauthentication of users when changing passwords will not be performed.
2022-10-07 14:06:34,374 INFO org.springframework.aop.framework.CglibAopProxy [main] Unable to proxy interface-implementing method [public final void org.springframework.dao.support.DaoSupport.afterPropertiesSet() throws java.lang.IllegalArgumentException,org.springframework.beans.factory.BeanInitializationException] because it is marked as final: Consider using interface-based JDK proxies instead!
2022-10-07 14:06:34,695 INFO org.springframework.security.web.DefaultSecurityFilterChain [main] Will secure any request with [org.springframework.security.web.session.DisableEncodeUrlFilter@57466fb7, org.springframework.security.web.context.request.async.WebAsyncManagerIntegrationFilter@7891742e, org.springframework.security.web.context.SecurityContextPersistenceFilter@4fd00e10, org.springframework.security.web.header.HeaderWriterFilter@6c96346b, org.springframework.web.filter.CorsFilter@2bbaf983, org.springframework.security.web.csrf.CsrfFilter@7fdf7359, org.springframework.security.web.authentication.logout.LogoutFilter@748aa7dc, org.springframework.security.web.authentication.UsernamePasswordAuthenticationFilter@2b9615cb, org.springframework.security.web.savedrequest.RequestCacheAwareFilter@1107c465, org.springframework.security.web.servletapi.SecurityContextHolderAwareRequestFilter@64df8422, org.springframework.security.web.authentication.AnonymousAuthenticationFilter@781bd9dd, org.springframework.security.web.session.SessionManagementFilter@589d831e, org.springframework.security.web.access.ExceptionTranslationFilter@51f009ef, org.springframework.security.web.access.intercept.FilterSecurityInterceptor@498f5728]
2022-10-07 14:06:34,912 INFO org.apache.juli.logging.DirectJDKLog [main] Starting ProtocolHandler ["http-nio-8080"]
2022-10-07 14:06:34,943 INFO org.springframework.boot.web.embedded.tomcat.TomcatWebServer [main] Tomcat started on port(s): 8080 (http) with context path ''
2022-10-07 14:06:34,955 INFO org.springframework.boot.StartupInfoLogger [main] Started WebApplication in 5.13 seconds (JVM running for 5.78)
2022-10-07 14:08:31,591 INFO org.apache.juli.logging.DirectJDKLog [http-nio-8080-exec-1] Initializing Spring DispatcherServlet 'dispatcherServlet'
2022-10-07 14:08:31,592 INFO org.springframework.web.servlet.FrameworkServlet [http-nio-8080-exec-1] Initializing Servlet 'dispatcherServlet'
2022-10-07 14:08:31,593 INFO org.springframework.web.servlet.FrameworkServlet [http-nio-8080-exec-1] Completed initialization in 1 ms
2022-10-07 14:09:19,738 INFO com.aubay.formations.nr.statistics.RequestStatisticsInterceptor [http-nio-8080-exec-4] [Uri : /employees/{id}][Duration: 33088 ms][Queries: 4] [Weight: 1 ko] GET /employees/1
2022-10-07 14:10:08,693 INFO com.aubay.formations.nr.statistics.RequestStatisticsInterceptor [http-nio-8080-exec-5] [Uri : /employees/{id}][Request duration: 71683 ms][SQL queries: 0] [Response weight: 1 ko] GET /employees/1
2022-10-07 14:10:57,261 INFO com.aubay.formations.nr.statistics.RequestStatisticsInterceptor [http-nio-8080-exec-6] [Handler : /employees/{id}][Request duration: 119743 ms][SQL queries: 0] [Response weight: 1 ko] [URI : GET /employees/1]
2022-10-07 14:11:14,421 INFO com.aubay.formations.nr.statistics.RequestStatisticsInterceptor [http-nio-8080-exec-7] [Handler : /employees/{id}][Request duration: 136581 ms][SQL queries: 0] [Response weight: 1 ko] [URI : GET /employees/1]
2022-10-07 14:11:15,909 INFO com.aubay.formations.nr.statistics.RequestStatisticsInterceptor [http-nio-8080-exec-8] [Handler : /employees/{id}][Request duration: 137900 ms][SQL queries: 0] [Response weight: 1 ko] [URI : GET /employees/1]
2022-10-07 14:11:16,373 INFO com.aubay.formations.nr.statistics.RequestStatisticsInterceptor [http-nio-8080-exec-9] [Handler : /employees/{id}][Request duration: 137917 ms][SQL queries: 0] [Response weight: 1 ko] [URI : GET /employees/1]
2022-10-07 14:11:16,589 INFO com.aubay.formations.nr.statistics.RequestStatisticsInterceptor [http-nio-8080-exec-1] [Handler : /employees/{id}][Request duration: 69829 ms][SQL queries: 0] [Response weight: 1 ko] [URI : GET /employees/1]
2022-10-07 14:11:21,503 INFO com.aubay.formations.nr.statistics.RequestStatisticsInterceptor [http-nio-8080-exec-3] [Handler : /employees/{id}][Request duration: 10 ms][SQL queries: 4] [Response weight: 1 ko] [URI : GET /employees/1104]
2022-10-07 14:12:03,415 INFO com.aubay.formations.nr.statistics.RequestStatisticsInterceptor [http-nio-8080-exec-4] [URI : GET /employees/1261] [Handler : /employees/{id}][Request duration: 7 ms][SQL queries: 4] [Response weight: 0 ko]
2022-10-07 14:17:53,538 INFO org.springframework.boot.StartupInfoLogger [main] Starting WebApplication using Java 17.0.2 on XBLADE-PC with PID 9956 (D:\Workspaces\Java\formation-java\workspaces\SensibilisationNR\sensibilisation-nr-back-master\target\classes started by Julien in D:\Workspaces\Java\formation-java\workspaces\SensibilisationNR\sensibilisation-nr-back-master)
2022-10-07 14:17:53,543 INFO org.springframework.boot.SpringApplication [main] No active profile set, falling back to 1 default profile: "default"
2022-10-07 14:17:54,358 INFO org.springframework.data.repository.config.RepositoryConfigurationDelegate [main] Bootstrapping Spring Data JPA repositories in DEFAULT mode.
2022-10-07 14:17:54,478 INFO org.springframework.data.repository.config.RepositoryConfigurationDelegate [main] Finished Spring Data repository scanning in 108 ms. Found 4 JPA repository interfaces.
2022-10-07 14:17:55,189 INFO org.springframework.boot.web.embedded.tomcat.TomcatWebServer [main] Tomcat initialized with port(s): 8080 (http)
2022-10-07 14:17:55,198 INFO org.apache.juli.logging.DirectJDKLog [main] Initializing ProtocolHandler ["http-nio-8080"]
2022-10-07 14:17:55,199 INFO org.apache.juli.logging.DirectJDKLog [main] Starting service [Tomcat]
2022-10-07 14:17:55,199 INFO org.apache.juli.logging.DirectJDKLog [main] Starting Servlet engine: [Apache Tomcat/9.0.65]
2022-10-07 14:17:55,293 INFO org.apache.juli.logging.DirectJDKLog [main] Initializing Spring embedded WebApplicationContext
2022-10-07 14:17:55,293 INFO org.springframework.boot.web.servlet.context.ServletWebServerApplicationContext [main] Root WebApplicationContext: initialization completed in 1695 ms
2022-10-07 14:17:55,498 INFO org.hibernate.jpa.internal.util.LogHelper [main] HHH000204: Processing PersistenceUnitInfo [name: default]
2022-10-07 14:17:55,554 INFO org.hibernate.Version [main] HHH000412: Hibernate ORM core version 5.6.10.Final
2022-10-07 14:17:55,755 INFO org.hibernate.annotations.common.reflection.java.JavaReflectionManager [main] HCANN000001: Hibernate Commons Annotations {5.1.2.Final}
2022-10-07 14:17:55,859 INFO com.zaxxer.hikari.HikariDataSource [main] HikariPool-1 - Starting...
2022-10-07 14:17:56,110 INFO com.zaxxer.hikari.HikariDataSource [main] HikariPool-1 - Start completed.
2022-10-07 14:17:56,126 INFO org.hibernate.dialect.Dialect [main] HHH000400: Using dialect: org.hibernate.dialect.H2Dialect
2022-10-07 14:17:56,861 INFO org.hibernate.engine.transaction.jta.platform.internal.JtaPlatformInitiator [main] HHH000490: Using JtaPlatform implementation: [org.hibernate.engine.transaction.jta.platform.internal.NoJtaPlatform]
2022-10-07 14:17:56,867 INFO org.springframework.orm.jpa.AbstractEntityManagerFactoryBean [main] Initialized JPA EntityManagerFactory for persistence unit 'default'
2022-10-07 14:17:57,665 INFO org.springframework.security.provisioning.JdbcUserDetailsManager [main] No authentication manager set. Reauthentication of users when changing passwords will not be performed.
2022-10-07 14:17:57,669 INFO org.springframework.aop.framework.CglibAopProxy [main] Unable to proxy interface-implementing method [public final void org.springframework.dao.support.DaoSupport.afterPropertiesSet() throws java.lang.IllegalArgumentException,org.springframework.beans.factory.BeanInitializationException] because it is marked as final: Consider using interface-based JDK proxies instead!
2022-10-07 14:17:57,954 INFO org.springframework.security.web.DefaultSecurityFilterChain [main] Will secure any request with [org.springframework.security.web.session.DisableEncodeUrlFilter@49c6ee4a, org.springframework.security.web.context.request.async.WebAsyncManagerIntegrationFilter@4dd425dc, org.springframework.security.web.context.SecurityContextPersistenceFilter@377cbdae, org.springframework.security.web.header.HeaderWriterFilter@7962c1d5, org.springframework.web.filter.CorsFilter@4549d616, org.springframework.security.web.csrf.CsrfFilter@31e84f10, org.springframework.security.web.authentication.logout.LogoutFilter@7b4c793b, org.springframework.security.web.authentication.UsernamePasswordAuthenticationFilter@173b24c4, org.springframework.security.web.savedrequest.RequestCacheAwareFilter@74d776fb, org.springframework.security.web.servletapi.SecurityContextHolderAwareRequestFilter@406decb2, org.springframework.security.web.authentication.AnonymousAuthenticationFilter@1bfb60b7, org.springframework.security.web.session.SessionManagementFilter@646c872a, org.springframework.security.web.access.ExceptionTranslationFilter@14b4d90b, org.springframework.security.web.access.intercept.FilterSecurityInterceptor@59845a40]
2022-10-07 14:17:58,157 INFO org.apache.juli.logging.DirectJDKLog [main] Starting ProtocolHandler ["http-nio-8080"]
2022-10-07 14:17:58,180 INFO org.springframework.boot.web.embedded.tomcat.TomcatWebServer [main] Tomcat started on port(s): 8080 (http) with context path ''
2022-10-07 14:17:58,190 INFO org.springframework.boot.StartupInfoLogger [main] Started WebApplication in 4.998 seconds (JVM running for 5.537)
2022-10-07 14:20:02,584 INFO org.apache.juli.logging.DirectJDKLog [http-nio-8080-exec-1] Initializing Spring DispatcherServlet 'dispatcherServlet'
2022-10-07 14:20:02,585 INFO org.springframework.web.servlet.FrameworkServlet [http-nio-8080-exec-1] Initializing Servlet 'dispatcherServlet'
2022-10-07 14:20:02,586 INFO org.springframework.web.servlet.FrameworkServlet [http-nio-8080-exec-1] Completed initialization in 1 ms
2022-10-07 14:20:39,545 INFO org.springframework.boot.StartupInfoLogger [main] Starting WebApplication using Java 17.0.2 on XBLADE-PC with PID 15940 (D:\Workspaces\Java\formation-java\workspaces\SensibilisationNR\sensibilisation-nr-back-master\target\classes started by Julien in D:\Workspaces\Java\formation-java\workspaces\SensibilisationNR\sensibilisation-nr-back-master)
2022-10-07 14:20:39,550 INFO org.springframework.boot.SpringApplication [main] No active profile set, falling back to 1 default profile: "default"
2022-10-07 14:20:40,310 INFO org.springframework.data.repository.config.RepositoryConfigurationDelegate [main] Bootstrapping Spring Data JPA repositories in DEFAULT mode.
2022-10-07 14:20:40,404 INFO org.springframework.data.repository.config.RepositoryConfigurationDelegate [main] Finished Spring Data repository scanning in 83 ms. Found 4 JPA repository interfaces.
2022-10-07 14:20:41,137 INFO org.springframework.boot.web.embedded.tomcat.TomcatWebServer [main] Tomcat initialized with port(s): 8080 (http)
2022-10-07 14:20:41,148 INFO org.apache.juli.logging.DirectJDKLog [main] Initializing ProtocolHandler ["http-nio-8080"]
2022-10-07 14:20:41,148 INFO org.apache.juli.logging.DirectJDKLog [main] Starting service [Tomcat]
2022-10-07 14:20:41,149 INFO org.apache.juli.logging.DirectJDKLog [main] Starting Servlet engine: [Apache Tomcat/9.0.65]
2022-10-07 14:20:41,239 INFO org.apache.juli.logging.DirectJDKLog [main] Initializing Spring embedded WebApplicationContext
2022-10-07 14:20:41,239 INFO org.springframework.boot.web.servlet.context.ServletWebServerApplicationContext [main] Root WebApplicationContext: initialization completed in 1628 ms
2022-10-07 14:20:41,430 INFO org.hibernate.jpa.internal.util.LogHelper [main] HHH000204: Processing PersistenceUnitInfo [name: default]
2022-10-07 14:20:41,485 INFO org.hibernate.Version [main] HHH000412: Hibernate ORM core version 5.6.10.Final
2022-10-07 14:20:41,689 INFO org.hibernate.annotations.common.reflection.java.JavaReflectionManager [main] HCANN000001: Hibernate Commons Annotations {5.1.2.Final}
2022-10-07 14:20:41,786 INFO com.zaxxer.hikari.HikariDataSource [main] HikariPool-1 - Starting...
2022-10-07 14:20:42,052 INFO com.zaxxer.hikari.HikariDataSource [main] HikariPool-1 - Start completed.
2022-10-07 14:20:42,072 INFO org.hibernate.dialect.Dialect [main] HHH000400: Using dialect: org.hibernate.dialect.H2Dialect
2022-10-07 14:20:42,779 INFO org.hibernate.engine.transaction.jta.platform.internal.JtaPlatformInitiator [main] HHH000490: Using JtaPlatform implementation: [org.hibernate.engine.transaction.jta.platform.internal.NoJtaPlatform]
2022-10-07 14:20:42,785 INFO org.springframework.orm.jpa.AbstractEntityManagerFactoryBean [main] Initialized JPA EntityManagerFactory for persistence unit 'default'
2022-10-07 14:20:43,620 INFO org.springframework.security.provisioning.JdbcUserDetailsManager [main] No authentication manager set. Reauthentication of users when changing passwords will not be performed.
2022-10-07 14:20:43,625 INFO org.springframework.aop.framework.CglibAopProxy [main] Unable to proxy interface-implementing method [public final void org.springframework.dao.support.DaoSupport.afterPropertiesSet() throws java.lang.IllegalArgumentException,org.springframework.beans.factory.BeanInitializationException] because it is marked as final: Consider using interface-based JDK proxies instead!
2022-10-07 14:20:43,904 INFO org.springframework.security.web.DefaultSecurityFilterChain [main] Will secure any request with [org.springframework.security.web.session.DisableEncodeUrlFilter@c3114ea, org.springframework.security.web.context.request.async.WebAsyncManagerIntegrationFilter@642d971f, org.springframework.security.web.context.SecurityContextPersistenceFilter@646c872a, org.springframework.security.web.header.HeaderWriterFilter@22e1a1dc, org.springframework.web.filter.CorsFilter@2afe825a, org.springframework.security.web.csrf.CsrfFilter@74f92d14, org.springframework.security.web.authentication.logout.LogoutFilter@32430075, org.springframework.security.web.authentication.UsernamePasswordAuthenticationFilter@548c5127, org.springframework.security.web.savedrequest.RequestCacheAwareFilter@7298c2d9, org.springframework.security.web.servletapi.SecurityContextHolderAwareRequestFilter@377cbdae, org.springframework.security.web.authentication.AnonymousAuthenticationFilter@49c6ee4a, org.springframework.security.web.session.SessionManagementFilter@638341b0, org.springframework.security.web.access.ExceptionTranslationFilter@6c537267, org.springframework.security.web.access.intercept.FilterSecurityInterceptor@662061e3]
2022-10-07 14:20:44,132 INFO org.apache.juli.logging.DirectJDKLog [main] Starting ProtocolHandler ["http-nio-8080"]
2022-10-07 14:20:44,162 INFO org.springframework.boot.web.embedded.tomcat.TomcatWebServer [main] Tomcat started on port(s): 8080 (http) with context path ''
2022-10-07 14:20:44,173 INFO org.springframework.boot.StartupInfoLogger [main] Started WebApplication in 4.98 seconds (JVM running for 5.513)
2022-10-07 14:20:45,176 INFO org.apache.juli.logging.DirectJDKLog [http-nio-8080-exec-1] Initializing Spring DispatcherServlet 'dispatcherServlet'
2022-10-07 14:20:45,176 INFO org.springframework.web.servlet.FrameworkServlet [http-nio-8080-exec-1] Initializing Servlet 'dispatcherServlet'
2022-10-07 14:20:45,177 INFO org.springframework.web.servlet.FrameworkServlet [http-nio-8080-exec-1] Completed initialization in 1 ms
2022-10-07 14:20:49,990 INFO com.aubay.formations.nr.statistics.RequestStatisticsInterceptor [http-nio-8080-exec-5] [URI : GET /stats] [Handler : GET /stats][Request duration: 32 ms][SQL queries: 1] [Response weight: 0 ko]
2022-10-07 14:20:50,425 INFO com.aubay.formations.nr.statistics.RequestStatisticsInterceptor [http-nio-8080-exec-6] [URI : GET /stats] [Handler : GET /stats][Request duration: 2 ms][SQL queries: 1] [Response weight: 0 ko]
2022-10-07 14:20:51,035 INFO com.aubay.formations.nr.statistics.RequestStatisticsInterceptor [http-nio-8080-exec-7] [URI : GET /stats] [Handler : GET /stats][Request duration: 1 ms][SQL queries: 1] [Response weight: 0 ko]
2022-10-07 14:20:51,521 INFO com.aubay.formations.nr.statistics.RequestStatisticsInterceptor [http-nio-8080-exec-8] [URI : GET /stats] [Handler : GET /stats][Request duration: 2 ms][SQL queries: 1] [Response weight: 0 ko]
2022-10-07 14:20:51,896 INFO com.aubay.formations.nr.statistics.RequestStatisticsInterceptor [http-nio-8080-exec-9] [URI : GET /stats] [Handler : GET /stats][Request duration: 1 ms][SQL queries: 1] [Response weight: 0 ko]
2022-10-07 14:20:52,106 INFO com.aubay.formations.nr.statistics.RequestStatisticsInterceptor [http-nio-8080-exec-10] [URI : GET /stats] [Handler : GET /stats][Request duration: 1 ms][SQL queries: 1] [Response weight: 0 ko]
2022-10-07 14:20:52,272 INFO com.aubay.formations.nr.statistics.RequestStatisticsInterceptor [http-nio-8080-exec-1] [URI : GET /stats] [Handler : GET /stats][Request duration: 1 ms][SQL queries: 1] [Response weight: 0 ko]
2022-10-07 14:20:52,424 INFO com.aubay.formations.nr.statistics.RequestStatisticsInterceptor [http-nio-8080-exec-2] [URI : GET /stats] [Handler : GET /stats][Request duration: 1 ms][SQL queries: 1] [Response weight: 0 ko]
2022-10-07 14:20:57,640 INFO com.aubay.formations.nr.statistics.RequestStatisticsInterceptor [http-nio-8080-exec-3] [URI : GET /stats] [Handler : GET /stats][Request duration: 35 ms][SQL queries: 3] [Response weight: 0 ko]
2022-10-07 14:20:59,442 INFO com.aubay.formations.nr.statistics.RequestStatisticsInterceptor [http-nio-8080-exec-4] [URI : GET /stats] [Handler : GET /stats][Request duration: 8 ms][SQL queries: 3] [Response weight: 0 ko]
2022-10-07 19:02:01,706 INFO org.springframework.boot.StartupInfoLogger [main] Starting WebApplication using Java 17.0.2 on XBLADE-PC with PID 17452 (D:\Workspaces\Java\formation-java\workspaces\SensibilisationNR\sensibilisation-nr-back-master\target\classes started by Julien in D:\Workspaces\Java\formation-java\workspaces\SensibilisationNR\sensibilisation-nr-back-master)
2022-10-07 19:02:01,710 INFO org.springframework.boot.SpringApplication [main] No active profile set, falling back to 1 default profile: "default"
2022-10-07 19:02:02,402 INFO org.springframework.data.repository.config.RepositoryConfigurationDelegate [main] Bootstrapping Spring Data JPA repositories in DEFAULT mode.
2022-10-07 19:02:02,489 INFO org.springframework.data.repository.config.RepositoryConfigurationDelegate [main] Finished Spring Data repository scanning in 76 ms. Found 4 JPA repository interfaces.
2022-10-07 19:02:03,120 INFO org.springframework.boot.web.embedded.tomcat.TomcatWebServer [main] Tomcat initialized with port(s): 8080 (http)
2022-10-07 19:02:03,131 INFO org.apache.juli.logging.DirectJDKLog [main] Initializing ProtocolHandler ["http-nio-8080"]
2022-10-07 19:02:03,132 INFO org.apache.juli.logging.DirectJDKLog [main] Starting service [Tomcat]
2022-10-07 19:02:03,132 INFO org.apache.juli.logging.DirectJDKLog [main] Starting Servlet engine: [Apache Tomcat/9.0.65]
2022-10-07 19:02:03,224 INFO org.apache.juli.logging.DirectJDKLog [main] Initializing Spring embedded WebApplicationContext
2022-10-07 19:02:03,224 INFO org.springframework.boot.web.servlet.context.ServletWebServerApplicationContext [main] Root WebApplicationContext: initialization completed in 1464 ms
2022-10-07 19:02:03,411 INFO org.hibernate.jpa.internal.util.LogHelper [main] HHH000204: Processing PersistenceUnitInfo [name: default]
2022-10-07 19:02:03,463 INFO org.hibernate.Version [main] HHH000412: Hibernate ORM core version 5.6.10.Final
2022-10-07 19:02:03,655 INFO org.hibernate.annotations.common.reflection.java.JavaReflectionManager [main] HCANN000001: Hibernate Commons Annotations {5.1.2.Final}
2022-10-07 19:02:03,775 INFO com.zaxxer.hikari.HikariDataSource [main] HikariPool-1 - Starting...
2022-10-07 19:02:04,055 INFO com.zaxxer.hikari.HikariDataSource [main] HikariPool-1 - Start completed.
2022-10-07 19:02:04,071 INFO org.hibernate.dialect.Dialect [main] HHH000400: Using dialect: org.hibernate.dialect.H2Dialect
2022-10-07 19:02:04,731 INFO org.hibernate.engine.transaction.jta.platform.internal.JtaPlatformInitiator [main] HHH000490: Using JtaPlatform implementation: [org.hibernate.engine.transaction.jta.platform.internal.NoJtaPlatform]
2022-10-07 19:02:04,738 INFO org.springframework.orm.jpa.AbstractEntityManagerFactoryBean [main] Initialized JPA EntityManagerFactory for persistence unit 'default'
2022-10-07 19:02:05,574 INFO org.springframework.security.provisioning.JdbcUserDetailsManager [main] No authentication manager set. Reauthentication of users when changing passwords will not be performed.
2022-10-07 19:02:05,580 INFO org.springframework.aop.framework.CglibAopProxy [main] Unable to proxy interface-implementing method [public final void org.springframework.dao.support.DaoSupport.afterPropertiesSet() throws java.lang.IllegalArgumentException,org.springframework.beans.factory.BeanInitializationException] because it is marked as final: Consider using interface-based JDK proxies instead!
2022-10-07 19:02:05,869 INFO org.springframework.security.web.DefaultSecurityFilterChain [main] Will secure any request with [org.springframework.security.web.session.DisableEncodeUrlFilter@39b9dc35, org.springframework.security.web.context.request.async.WebAsyncManagerIntegrationFilter@25da1dc9, org.springframework.security.web.context.SecurityContextPersistenceFilter@26c2f767, org.springframework.security.web.header.HeaderWriterFilter@558ed473, org.springframework.web.filter.CorsFilter@3976910, org.springframework.security.web.csrf.CsrfFilter@23e573e, org.springframework.security.web.authentication.logout.LogoutFilter@64df8422, org.springframework.security.web.authentication.UsernamePasswordAuthenticationFilter@1248f83, org.springframework.security.web.savedrequest.RequestCacheAwareFilter@10cb5047, org.springframework.security.web.servletapi.SecurityContextHolderAwareRequestFilter@3a00237d, org.springframework.security.web.authentication.AnonymousAuthenticationFilter@6e149395, org.springframework.security.web.session.SessionManagementFilter@2e1c5d1f, org.springframework.security.web.access.ExceptionTranslationFilter@4a36a35d, org.springframework.security.web.access.intercept.FilterSecurityInterceptor@585672dd]
2022-10-07 19:02:06,086 INFO org.apache.juli.logging.DirectJDKLog [main] Starting ProtocolHandler ["http-nio-8080"]
2022-10-07 19:02:06,115 INFO org.springframework.boot.web.embedded.tomcat.TomcatWebServer [main] Tomcat started on port(s): 8080 (http) with context path ''
2022-10-07 19:02:06,127 INFO org.springframework.boot.StartupInfoLogger [main] Started WebApplication in 4.733 seconds (JVM running for 5.327)
2022-10-07 19:02:51,414 INFO org.apache.juli.logging.DirectJDKLog [http-nio-8080-exec-1] Initializing Spring DispatcherServlet 'dispatcherServlet'
2022-10-07 19:02:51,414 INFO org.springframework.web.servlet.FrameworkServlet [http-nio-8080-exec-1] Initializing Servlet 'dispatcherServlet'
2022-10-07 19:02:51,414 INFO org.springframework.web.servlet.FrameworkServlet [http-nio-8080-exec-1] Completed initialization in 0 ms
2022-10-07 19:02:57,215 INFO com.aubay.formations.nr.statistics.RequestStatisticsInterceptor [http-nio-8080-exec-4] [URI : GET /stats] [Handler : GET /stats][Request duration: 75 ms][SQL queries: 3] [Response weight: 0 ko]
2022-10-07 19:02:57,551 INFO com.aubay.formations.nr.statistics.RequestStatisticsInterceptor [http-nio-8080-exec-5] [URI : GET /stats] [Handler : GET /stats][Request duration: 8 ms][SQL queries: 3] [Response weight: 0 ko]
2022-10-07 19:02:58,883 INFO com.aubay.formations.nr.statistics.RequestStatisticsInterceptor [http-nio-8080-exec-6] [URI : GET /stats] [Handler : GET /stats][Request duration: 8 ms][SQL queries: 3] [Response weight: 0 ko]
2022-10-07 19:03:26,158 INFO org.springframework.boot.StartupInfoLogger [main] Starting WebApplication using Java 17.0.2 on XBLADE-PC with PID 9636 (D:\Workspaces\Java\formation-java\workspaces\SensibilisationNR\sensibilisation-nr-back-master\target\classes started by Julien in D:\Workspaces\Java\formation-java\workspaces\SensibilisationNR\sensibilisation-nr-back-master)
2022-10-07 19:03:26,162 INFO org.springframework.boot.SpringApplication [main] No active profile set, falling back to 1 default profile: "default"
2022-10-07 19:03:26,885 INFO org.springframework.data.repository.config.RepositoryConfigurationDelegate [main] Bootstrapping Spring Data JPA repositories in DEFAULT mode.
2022-10-07 19:03:26,977 INFO org.springframework.data.repository.config.RepositoryConfigurationDelegate [main] Finished Spring Data repository scanning in 81 ms. Found 4 JPA repository interfaces.
2022-10-07 19:03:27,663 INFO org.springframework.boot.web.embedded.tomcat.TomcatWebServer [main] Tomcat initialized with port(s): 8080 (http)
2022-10-07 19:03:27,676 INFO org.apache.juli.logging.DirectJDKLog [main] Initializing ProtocolHandler ["http-nio-8080"]
2022-10-07 19:03:27,677 INFO org.apache.juli.logging.DirectJDKLog [main] Starting service [Tomcat]
2022-10-07 19:03:27,678 INFO org.apache.juli.logging.DirectJDKLog [main] Starting Servlet engine: [Apache Tomcat/9.0.65]
2022-10-07 19:03:27,782 INFO org.apache.juli.logging.DirectJDKLog [main] Initializing Spring embedded WebApplicationContext
2022-10-07 19:03:27,782 INFO org.springframework.boot.web.servlet.context.ServletWebServerApplicationContext [main] Root WebApplicationContext: initialization completed in 1568 ms
2022-10-07 19:03:27,964 INFO org.hibernate.jpa.internal.util.LogHelper [main] HHH000204: Processing PersistenceUnitInfo [name: default]
2022-10-07 19:03:28,012 INFO org.hibernate.Version [main] HHH000412: Hibernate ORM core version 5.6.10.Final
2022-10-07 19:03:28,183 INFO org.hibernate.annotations.common.reflection.java.JavaReflectionManager [main] HCANN000001: Hibernate Commons Annotations {5.1.2.Final}
2022-10-07 19:03:28,287 INFO com.zaxxer.hikari.HikariDataSource [main] HikariPool-1 - Starting...
2022-10-07 19:03:28,550 INFO com.zaxxer.hikari.HikariDataSource [main] HikariPool-1 - Start completed.
2022-10-07 19:03:28,563 INFO org.hibernate.dialect.Dialect [main] HHH000400: Using dialect: org.hibernate.dialect.H2Dialect
2022-10-07 19:03:29,225 INFO org.hibernate.engine.transaction.jta.platform.internal.JtaPlatformInitiator [main] HHH000490: Using JtaPlatform implementation: [org.hibernate.engine.transaction.jta.platform.internal.NoJtaPlatform]
2022-10-07 19:03:29,231 INFO org.springframework.orm.jpa.AbstractEntityManagerFactoryBean [main] Initialized JPA EntityManagerFactory for persistence unit 'default'
2022-10-07 19:03:30,045 INFO org.springframework.security.provisioning.JdbcUserDetailsManager [main] No authentication manager set. Reauthentication of users when changing passwords will not be performed.
2022-10-07 19:03:30,051 INFO org.springframework.aop.framework.CglibAopProxy [main] Unable to proxy interface-implementing method [public final void org.springframework.dao.support.DaoSupport.afterPropertiesSet() throws java.lang.IllegalArgumentException,org.springframework.beans.factory.BeanInitializationException] because it is marked as final: Consider using interface-based JDK proxies instead!
2022-10-07 19:03:30,350 INFO org.springframework.security.web.DefaultSecurityFilterChain [main] Will secure any request with [org.springframework.security.web.session.DisableEncodeUrlFilter@6e149395, org.springframework.security.web.context.request.async.WebAsyncManagerIntegrationFilter@19bbb216, org.springframework.security.web.context.SecurityContextPersistenceFilter@3a00237d, org.springframework.security.web.header.HeaderWriterFilter@2d2afc39, org.springframework.web.filter.CorsFilter@6cfac0bd, org.springframework.security.web.csrf.CsrfFilter@66f5770e, org.springframework.security.web.authentication.logout.LogoutFilter@70a24463, org.springframework.security.web.authentication.UsernamePasswordAuthenticationFilter@f4c3e9, org.springframework.security.web.savedrequest.RequestCacheAwareFilter@341df373, org.springframework.security.web.servletapi.SecurityContextHolderAwareRequestFilter@7e9ed4df, org.springframework.security.web.authentication.AnonymousAuthenticationFilter@549debdb, org.springframework.security.web.session.SessionManagementFilter@26c2f767, org.springframework.security.web.access.ExceptionTranslationFilter@514f2020, org.springframework.security.web.access.intercept.FilterSecurityInterceptor@50dd1e3a]
2022-10-07 19:03:30,591 INFO org.apache.juli.logging.DirectJDKLog [main] Starting ProtocolHandler ["http-nio-8080"]
2022-10-07 19:03:30,625 INFO org.springframework.boot.web.embedded.tomcat.TomcatWebServer [main] Tomcat started on port(s): 8080 (http) with context path ''
2022-10-07 19:03:30,639 INFO org.springframework.boot.StartupInfoLogger [main] Started WebApplication in 4.818 seconds (JVM running for 5.358)
2022-10-07 19:03:36,449 INFO org.apache.juli.logging.DirectJDKLog [http-nio-8080-exec-1] Initializing Spring DispatcherServlet 'dispatcherServlet'
2022-10-07 19:03:36,449 INFO org.springframework.web.servlet.FrameworkServlet [http-nio-8080-exec-1] Initializing Servlet 'dispatcherServlet'
2022-10-07 19:03:36,450 INFO org.springframework.web.servlet.FrameworkServlet [http-nio-8080-exec-1] Completed initialization in 1 ms
2022-10-07 19:03:40,555 INFO com.aubay.formations.nr.statistics.RequestStatisticsInterceptor [http-nio-8080-exec-3] [URI : GET /stats] [Handler : GET /stats][Request duration: 68 ms][SQL queries: 3] [Response weight: 0 ko]
2022-10-07 19:03:41,146 INFO com.aubay.formations.nr.statistics.RequestStatisticsInterceptor [http-nio-8080-exec-4] [URI : GET /stats] [Handler : GET /stats][Request duration: 8 ms][SQL queries: 3] [Response weight: 0 ko]
2022-10-07 19:03:41,597 INFO com.aubay.formations.nr.statistics.RequestStatisticsInterceptor [http-nio-8080-exec-5] [URI : GET /stats] [Handler : GET /stats][Request duration: 7 ms][SQL queries: 3] [Response weight: 0 ko]
2022-10-07 19:03:41,976 INFO com.aubay.formations.nr.statistics.RequestStatisticsInterceptor [http-nio-8080-exec-6] [URI : GET /stats] [Handler : GET /stats][Request duration: 9 ms][SQL queries: 3] [Response weight: 0 ko]
2022-10-07 19:03:42,372 INFO com.aubay.formations.nr.statistics.RequestStatisticsInterceptor [http-nio-8080-exec-7] [URI : GET /stats] [Handler : GET /stats][Request duration: 5 ms][SQL queries: 3] [Response weight: 0 ko]
2022-10-07 19:03:42,830 INFO com.aubay.formations.nr.statistics.RequestStatisticsInterceptor [http-nio-8080-exec-8] [URI : GET /stats] [Handler : GET /stats][Request duration: 6 ms][SQL queries: 3] [Response weight: 0 ko]
2022-10-07 19:03:43,207 INFO com.aubay.formations.nr.statistics.RequestStatisticsInterceptor [http-nio-8080-exec-9] [URI : GET /stats] [Handler : GET /stats][Request duration: 5 ms][SQL queries: 3] [Response weight: 0 ko]
2022-10-07 19:03:43,613 INFO com.aubay.formations.nr.statistics.RequestStatisticsInterceptor [http-nio-8080-exec-10] [URI : GET /stats] [Handler : GET /stats][Request duration: 7 ms][SQL queries: 3] [Response weight: 0 ko]
2022-10-07 19:03:44,319 INFO com.aubay.formations.nr.statistics.RequestStatisticsInterceptor [http-nio-8080-exec-1] [URI : GET /stats] [Handler : GET /stats][Request duration: 5 ms][SQL queries: 3] [Response weight: 0 ko]
2022-10-07 19:03:44,695 INFO com.aubay.formations.nr.statistics.RequestStatisticsInterceptor [http-nio-8080-exec-2] [URI : GET /stats] [Handler : GET /stats][Request duration: 5 ms][SQL queries: 3] [Response weight: 0 ko]
2022-10-07 19:03:44,872 INFO com.aubay.formations.nr.statistics.RequestStatisticsInterceptor [http-nio-8080-exec-3] [URI : GET /stats] [Handler : GET /stats][Request duration: 4 ms][SQL queries: 3] [Response weight: 0 ko]
2022-10-07 19:03:45,038 INFO com.aubay.formations.nr.statistics.RequestStatisticsInterceptor [http-nio-8080-exec-4] [URI : GET /stats] [Handler : GET /stats][Request duration: 4 ms][SQL queries: 3] [Response weight: 0 ko]
2022-10-07 19:03:45,192 INFO com.aubay.formations.nr.statistics.RequestStatisticsInterceptor [http-nio-8080-exec-5] [URI : GET /stats] [Handler : GET /stats][Request duration: 4 ms][SQL queries: 3] [Response weight: 0 ko]
2022-10-07 19:03:45,364 INFO com.aubay.formations.nr.statistics.RequestStatisticsInterceptor [http-nio-8080-exec-6] [URI : GET /stats] [Handler : GET /stats][Request duration: 4 ms][SQL queries: 3] [Response weight: 0 ko]
2022-10-07 19:03:45,506 INFO com.aubay.formations.nr.statistics.RequestStatisticsInterceptor [http-nio-8080-exec-7] [URI : GET /stats] [Handler : GET /stats][Request duration: 4 ms][SQL queries: 3] [Response weight: 0 ko]
2022-10-07 19:03:45,665 INFO com.aubay.formations.nr.statistics.RequestStatisticsInterceptor [http-nio-8080-exec-8] [URI : GET /stats] [Handler : GET /stats][Request duration: 5 ms][SQL queries: 3] [Response weight: 0 ko]
2022-10-07 19:03:45,832 INFO com.aubay.formations.nr.statistics.RequestStatisticsInterceptor [http-nio-8080-exec-9] [URI : GET /stats] [Handler : GET /stats][Request duration: 6 ms][SQL queries: 3] [Response weight: 0 ko]
2022-10-07 19:03:45,985 INFO com.aubay.formations.nr.statistics.RequestStatisticsInterceptor [http-nio-8080-exec-10] [URI : GET /stats] [Handler : GET /stats][Request duration: 3 ms][SQL queries: 3] [Response weight: 0 ko]
2022-10-07 19:03:46,133 INFO com.aubay.formations.nr.statistics.RequestStatisticsInterceptor [http-nio-8080-exec-1] [URI : GET /stats] [Handler : GET /stats][Request duration: 3 ms][SQL queries: 3] [Response weight: 0 ko]
2022-10-07 19:03:46,307 INFO com.aubay.formations.nr.statistics.RequestStatisticsInterceptor [http-nio-8080-exec-2] [URI : GET /stats] [Handler : GET /stats][Request duration: 5 ms][SQL queries: 3] [Response weight: 0 ko]
2022-10-07 19:03:46,488 INFO com.aubay.formations.nr.statistics.RequestStatisticsInterceptor [http-nio-8080-exec-3] [URI : GET /stats] [Handler : GET /stats][Request duration: 4 ms][SQL queries: 3] [Response weight: 0 ko]
2022-10-07 19:03:46,657 INFO com.aubay.formations.nr.statistics.RequestStatisticsInterceptor [http-nio-8080-exec-4] [URI : GET /stats] [Handler : GET /stats][Request duration: 3 ms][SQL queries: 3] [Response weight: 0 ko]
2022-10-07 19:03:46,825 INFO com.aubay.formations.nr.statistics.RequestStatisticsInterceptor [http-nio-8080-exec-5] [URI : GET /stats] [Handler : GET /stats][Request duration: 4 ms][SQL queries: 3] [Response weight: 0 ko]
2022-10-07 19:03:47,005 INFO com.aubay.formations.nr.statistics.RequestStatisticsInterceptor [http-nio-8080-exec-6] [URI : GET /stats] [Handler : GET /stats][Request duration: 3 ms][SQL queries: 3] [Response weight: 0 ko]
2022-10-07 19:03:47,207 INFO com.aubay.formations.nr.statistics.RequestStatisticsInterceptor [http-nio-8080-exec-7] [URI : GET /stats] [Handler : GET /stats][Request duration: 3 ms][SQL queries: 3] [Response weight: 0 ko]
2022-10-07 19:03:47,609 INFO com.aubay.formations.nr.statistics.RequestStatisticsInterceptor [http-nio-8080-exec-8] [URI : GET /stats] [Handler : GET /stats][Request duration: 3 ms][SQL queries: 3] [Response weight: 0 ko]
2022-10-07 19:03:48,097 INFO com.aubay.formations.nr.statistics.RequestStatisticsInterceptor [http-nio-8080-exec-9] [URI : GET /stats] [Handler : GET /stats][Request duration: 3 ms][SQL queries: 3] [Response weight: 0 ko]
2022-10-07 19:03:48,495 INFO com.aubay.formations.nr.statistics.RequestStatisticsInterceptor [http-nio-8080-exec-10] [URI : GET /stats] [Handler : GET /stats][Request duration: 3 ms][SQL queries: 3] [Response weight: 0 ko]
2022-10-07 19:03:48,961 INFO com.aubay.formations.nr.statistics.RequestStatisticsInterceptor [http-nio-8080-exec-1] [URI : GET /stats] [Handler : GET /stats][Request duration: 3 ms][SQL queries: 3] [Response weight: 0 ko]
2022-10-07 19:03:49,471 INFO com.aubay.formations.nr.statistics.RequestStatisticsInterceptor [http-nio-8080-exec-2] [URI : GET /stats] [Handler : GET /stats][Request duration: 3 ms][SQL queries: 3] [Response weight: 0 ko]
2022-10-07 19:03:49,881 INFO com.aubay.formations.nr.statistics.RequestStatisticsInterceptor [http-nio-8080-exec-3] [URI : GET /stats] [Handler : GET /stats][Request duration: 3 ms][SQL queries: 3] [Response weight: 0 ko]
2022-10-07 19:03:50,244 INFO com.aubay.formations.nr.statistics.RequestStatisticsInterceptor [http-nio-8080-exec-4] [URI : GET /stats] [Handler : GET /stats][Request duration: 4 ms][SQL queries: 3] [Response weight: 0 ko]
2022-10-07 19:03:50,635 INFO com.aubay.formations.nr.statistics.RequestStatisticsInterceptor [http-nio-8080-exec-5] [URI : GET /stats] [Handler : GET /stats][Request duration: 4 ms][SQL queries: 3] [Response weight: 0 ko]
2022-10-07 19:03:50,882 INFO com.aubay.formations.nr.statistics.RequestStatisticsInterceptor [http-nio-8080-exec-6] [URI : GET /stats] [Handler : GET /stats][Request duration: 3 ms][SQL queries: 3] [Response weight: 0 ko]
2022-10-07 19:03:51,150 INFO com.aubay.formations.nr.statistics.RequestStatisticsInterceptor [http-nio-8080-exec-7] [URI : GET /stats] [Handler : GET /stats][Request duration: 3 ms][SQL queries: 3] [Response weight: 0 ko]
2022-10-07 19:03:51,398 INFO com.aubay.formations.nr.statistics.RequestStatisticsInterceptor [http-nio-8080-exec-8] [URI : GET /stats] [Handler : GET /stats][Request duration: 2 ms][SQL queries: 3] [Response weight: 0 ko]
2022-10-07 19:03:51,661 INFO com.aubay.formations.nr.statistics.RequestStatisticsInterceptor [http-nio-8080-exec-9] [URI : GET /stats] [Handler : GET /stats][Request duration: 4 ms][SQL queries: 3] [Response weight: 0 ko]
2022-10-07 19:03:51,901 INFO com.aubay.formations.nr.statistics.RequestStatisticsInterceptor [http-nio-8080-exec-10] [URI : GET /stats] [Handler : GET /stats][Request duration: 3 ms][SQL queries: 3] [Response weight: 0 ko]
2022-10-07 19:03:52,125 INFO com.aubay.formations.nr.statistics.RequestStatisticsInterceptor [http-nio-8080-exec-1] [URI : GET /stats] [Handler : GET /stats][Request duration: 3 ms][SQL queries: 3] [Response weight: 0 ko]
2022-10-07 19:03:52,320 INFO com.aubay.formations.nr.statistics.RequestStatisticsInterceptor [http-nio-8080-exec-2] [URI : GET /stats] [Handler : GET /stats][Request duration: 2 ms][SQL queries: 3] [Response weight: 0 ko]
2022-10-07 19:03:52,513 INFO com.aubay.formations.nr.statistics.RequestStatisticsInterceptor [http-nio-8080-exec-3] [URI : GET /stats] [Handler : GET /stats][Request duration: 2 ms][SQL queries: 3] [Response weight: 0 ko]
2022-10-07 19:03:52,719 INFO com.aubay.formations.nr.statistics.RequestStatisticsInterceptor [http-nio-8080-exec-4] [URI : GET /stats] [Handler : GET /stats][Request duration: 3 ms][SQL queries: 3] [Response weight: 0 ko]
2022-10-07 19:03:53,050 INFO com.aubay.formations.nr.statistics.RequestStatisticsInterceptor [http-nio-8080-exec-5] [URI : GET /stats] [Handler : GET /stats][Request duration: 2 ms][SQL queries: 3] [Response weight: 0 ko]
2022-10-07 19:03:53,288 INFO com.aubay.formations.nr.statistics.RequestStatisticsInterceptor [http-nio-8080-exec-6] [URI : GET /stats] [Handler : GET /stats][Request duration: 3 ms][SQL queries: 3] [Response weight: 0 ko]
2022-10-07 19:03:53,482 INFO com.aubay.formations.nr.statistics.RequestStatisticsInterceptor [http-nio-8080-exec-7] [URI : GET /stats] [Handler : GET /stats][Request duration: 3 ms][SQL queries: 3] [Response weight: 0 ko]
2022-10-07 19:03:53,720 INFO com.aubay.formations.nr.statistics.RequestStatisticsInterceptor [http-nio-8080-exec-8] [URI : GET /stats] [Handler : GET /stats][Request duration: 2 ms][SQL queries: 3] [Response weight: 0 ko]
2022-10-07 19:03:53,948 INFO com.aubay.formations.nr.statistics.RequestStatisticsInterceptor [http-nio-8080-exec-9] [URI : GET /stats] [Handler : GET /stats][Request duration: 2 ms][SQL queries: 3] [Response weight: 0 ko]
2022-10-07 19:03:54,196 INFO com.aubay.formations.nr.statistics.RequestStatisticsInterceptor [http-nio-8080-exec-10] [URI : GET /stats] [Handler : GET /stats][Request duration: 2 ms][SQL queries: 3] [Response weight: 0 ko]
2022-10-07 19:03:54,608 INFO com.aubay.formations.nr.statistics.RequestStatisticsInterceptor [http-nio-8080-exec-1] [URI : GET /stats] [Handler : GET /stats][Request duration: 2 ms][SQL queries: 3] [Response weight: 0 ko]
2022-10-07 19:03:54,929 INFO com.aubay.formations.nr.statistics.RequestStatisticsInterceptor [http-nio-8080-exec-2] [URI : GET /stats] [Handler : GET /stats][Request duration: 3 ms][SQL queries: 3] [Response weight: 0 ko]
2022-10-07 19:03:55,182 INFO com.aubay.formations.nr.statistics.RequestStatisticsInterceptor [http-nio-8080-exec-3] [URI : GET /stats] [Handler : GET /stats][Request duration: 2 ms][SQL queries: 3] [Response weight: 0 ko]
2022-10-07 19:03:55,418 INFO com.aubay.formations.nr.statistics.RequestStatisticsInterceptor [http-nio-8080-exec-4] [URI : GET /stats] [Handler : GET /stats][Request duration: 3 ms][SQL queries: 3] [Response weight: 0 ko]
2022-10-07 19:03:55,704 INFO com.aubay.formations.nr.statistics.RequestStatisticsInterceptor [http-nio-8080-exec-5] [URI : GET /stats] [Handler : GET /stats][Request duration: 3 ms][SQL queries: 3] [Response weight: 0 ko]
2022-10-07 19:03:56,070 INFO com.aubay.formations.nr.statistics.RequestStatisticsInterceptor [http-nio-8080-exec-6] [URI : GET /stats] [Handler : GET /stats][Request duration: 2 ms][SQL queries: 3] [Response weight: 0 ko]
2022-10-07 19:03:56,310 INFO com.aubay.formations.nr.statistics.RequestStatisticsInterceptor [http-nio-8080-exec-7] [URI : GET /stats] [Handler : GET /stats][Request duration: 2 ms][SQL queries: 3] [Response weight: 0 ko]
